<?xml version="1.0" encoding="UTF-8"?>
<testng-results ignored="0" total="4" passed="4" failed="0" skipped="0">
  <reporter-output>
  </reporter-output>
  <suite started-at="2024-07-06T22:50:17 IST" name="API Tests Suite" finished-at="2024-07-06T22:50:28 IST" duration-ms="11111">
    <groups>
      <group name="API Tests">
        <method signature="testCase_API_04.registerDuplicateUser()[pri:0, instance:qtrip_api_tests.testCase_API_04@6ae5aa72]" name="registerDuplicateUser" class="qtrip_api_tests.testCase_API_04"/>
      </group> <!-- API Tests -->
    </groups>
    <test started-at="2024-07-06T22:50:17 IST" name="API Tests" finished-at="2024-07-06T22:50:28 IST" duration-ms="11111">
      <class name="qtrip_api_tests.testCase_API_01">
        <test-method signature="registerAndLogin()[pri:0, instance:qtrip_api_tests.testCase_API_01@5876a9af]" started-at="2024-07-06T22:50:17 IST" name="registerAndLogin" finished-at="2024-07-06T22:50:21 IST" duration-ms="3677" status="PASS">
          <reporter-output>
          </reporter-output>
        </test-method> <!-- registerAndLogin -->
      </class> <!-- qtrip_api_tests.testCase_API_01 -->
      <class name="qtrip_api_tests.testCase_API_02">
        <test-method signature="cities()[pri:0, instance:qtrip_api_tests.testCase_API_02@245b4bdc]" started-at="2024-07-06T22:50:21 IST" name="cities" finished-at="2024-07-06T22:50:22 IST" duration-ms="1045" status="PASS">
          <reporter-output>
          </reporter-output>
        </test-method> <!-- cities -->
      </class> <!-- qtrip_api_tests.testCase_API_02 -->
      <class name="qtrip_api_tests.testCase_API_03">
        <test-method signature="testcase()[pri:0, instance:qtrip_api_tests.testCase_API_03@6c64cb25]" started-at="2024-07-06T22:50:22 IST" name="testcase" finished-at="2024-07-06T22:50:26 IST" duration-ms="4326" status="PASS">
          <reporter-output>
          </reporter-output>
        </test-method> <!-- testcase -->
      </class> <!-- qtrip_api_tests.testCase_API_03 -->
      <class name="qtrip_api_tests.testCase_API_04">
        <test-method signature="registerDuplicateUser()[pri:0, instance:qtrip_api_tests.testCase_API_04@6ae5aa72]" started-at="2024-07-06T22:50:26 IST" name="registerDuplicateUser" finished-at="2024-07-06T22:50:28 IST" duration-ms="2014" status="PASS">
          <reporter-output>
          </reporter-output>
        </test-method> <!-- registerDuplicateUser -->
      </class> <!-- qtrip_api_tests.testCase_API_04 -->
    </test> <!-- API Tests -->
  </suite> <!-- API Tests Suite -->
</testng-results>
