<?xml version="1.0" encoding="UTF-8"?>
<!-- Generated by org.testng.reporters.JUnitXMLReporter -->
<testsuite ignored="0" hostname="LAPTOP-1S7KVVBR" failures="0" tests="4" name="API Tests" time="11.111" errors="0" timestamp="2024-07-06T22:50:28 IST">
  <testcase classname="qtrip_api_tests.testCase_API_01" name="registerAndLogin" time="3.677"/>
  <testcase classname="qtrip_api_tests.testCase_API_02" name="cities" time="1.045"/>
  <testcase classname="qtrip_api_tests.testCase_API_03" name="testcase" time="4.326"/>
  <testcase classname="qtrip_api_tests.testCase_API_04" name="registerDuplicateUser" time="2.014"/>
</testsuite> <!-- API Tests -->
